TN:
SF:src\app.js
FN:36,(anonymous_0)
FN:39,(anonymous_1)
FN:46,setupApp
FN:60,(anonymous_3)
FN:69,(anonymous_4)
FN:81,(anonymous_5)
FN:86,(anonymous_6)
FN:91,(anonymous_7)
FN:96,(anonymous_8)
FN:140,(anonymous_9)
FN:161,(anonymous_10)
FN:162,(anonymous_11)
FN:168,(anonymous_12)
FN:169,(anonymous_13)
FN:175,(anonymous_14)
FN:191,(anonymous_15)
FN:202,(anonymous_16)
FN:258,(anonymous_17)
FN:283,(anonymous_18)
FN:300,(anonymous_19)
FN:313,(anonymous_20)
FN:322,(anonymous_21)
FN:332,(anonymous_22)
FN:335,(anonymous_23)
FN:386,(anonymous_24)
FN:430,(anonymous_25)
FN:461,(anonymous_26)
FN:475,(anonymous_27)
FN:504,(anonymous_28)
FN:510,(anonymous_29)
FNF:30
FNH:6
FNDA:0,(anonymous_0)
FNDA:0,(anonymous_1)
FNDA:3,setupApp
FNDA:41,(anonymous_3)
FNDA:41,(anonymous_4)
FNDA:0,(anonymous_5)
FNDA:0,(anonymous_6)
FNDA:0,(anonymous_7)
FNDA:7,(anonymous_8)
FNDA:0,(anonymous_9)
FNDA:0,(anonymous_10)
FNDA:0,(anonymous_11)
FNDA:0,(anonymous_12)
FNDA:0,(anonymous_13)
FNDA:0,(anonymous_14)
FNDA:0,(anonymous_15)
FNDA:0,(anonymous_16)
FNDA:0,(anonymous_17)
FNDA:3,(anonymous_18)
FNDA:0,(anonymous_19)
FNDA:0,(anonymous_20)
FNDA:0,(anonymous_21)
FNDA:0,(anonymous_22)
FNDA:0,(anonymous_23)
FNDA:0,(anonymous_24)
FNDA:0,(anonymous_25)
FNDA:0,(anonymous_26)
FNDA:1,(anonymous_27)
FNDA:0,(anonymous_28)
FNDA:0,(anonymous_29)
DA:1,3
DA:2,3
DA:3,3
DA:4,3
DA:5,3
DA:6,3
DA:7,3
DA:22,3
DA:24,3
DA:27,3
DA:29,3
DA:30,3
DA:31,0
DA:35,3
DA:37,0
DA:40,0
DA:41,0
DA:44,3
DA:48,3
DA:50,3
DA:51,3
DA:54,3
DA:57,3
DA:60,3
DA:61,41
DA:62,23
DA:64,41
DA:65,41
DA:69,3
DA:70,41
DA:71,41
DA:73,41
DA:76,3
DA:77,3
DA:78,3
DA:81,3
DA:82,0
DA:86,3
DA:87,0
DA:91,3
DA:92,0
DA:96,3
DA:97,7
DA:100,7
DA:101,7
DA:105,0
DA:106,0
DA:109,0
DA:110,0
DA:111,0
DA:114,0
DA:116,0
DA:117,0
DA:122,0
DA:123,0
DA:124,0
DA:125,0
DA:126,0
DA:129,0
DA:130,0
DA:131,0
DA:132,0
DA:133,0
DA:137,0
DA:140,0
DA:141,0
DA:142,0
DA:143,0
DA:146,0
DA:147,0
DA:148,0
DA:149,0
DA:151,0
DA:152,0
DA:155,0
DA:156,0
DA:161,3
DA:162,0
DA:163,0
DA:168,3
DA:169,0
DA:170,0
DA:175,3
DA:176,0
DA:177,0
DA:178,0
DA:179,0
DA:180,0
DA:186,0
DA:191,3
DA:192,0
DA:193,0
DA:202,3
DA:203,0
DA:204,0
DA:207,0
DA:208,0
DA:212,0
DA:213,0
DA:214,0
DA:217,0
DA:218,0
DA:219,0
DA:226,0
DA:227,0
DA:228,0
DA:235,0
DA:236,0
DA:237,0
DA:238,0
DA:240,0
DA:241,0
DA:245,0
DA:248,0
DA:258,0
DA:259,0
DA:260,0
DA:261,0
DA:265,0
DA:266,0
DA:267,0
DA:268,0
DA:270,0
DA:271,0
DA:274,0
DA:275,0
DA:277,0
DA:278,0
DA:283,3
DA:284,3
DA:287,3
DA:288,3
DA:292,0
DA:294,0
DA:295,0
DA:296,0
DA:300,0
DA:301,0
DA:302,0
DA:303,0
DA:306,0
DA:307,0
DA:308,0
DA:313,3
DA:314,0
DA:315,0
DA:317,0
DA:322,3
DA:323,0
DA:324,0
DA:325,0
DA:327,0
DA:332,3
DA:335,3
DA:336,0
DA:339,0
DA:340,0
DA:344,0
DA:345,0
DA:348,0
DA:349,0
DA:350,0
DA:357,0
DA:358,0
DA:359,0
DA:365,0
DA:366,0
DA:367,0
DA:369,0
DA:370,0
DA:378,0
DA:380,0
DA:381,0
DA:386,3
DA:387,0
DA:390,0
DA:391,0
DA:395,0
DA:396,0
DA:399,0
DA:400,0
DA:401,0
DA:407,0
DA:408,0
DA:409,0
DA:411,0
DA:412,0
DA:413,0
DA:418,0
DA:421,0
DA:422,0
DA:424,0
DA:425,0
DA:430,3
DA:431,0
DA:434,0
DA:435,0
DA:439,0
DA:441,0
DA:443,0
DA:444,0
DA:447,0
DA:449,0
DA:450,0
DA:453,0
DA:455,0
DA:456,0
DA:461,3
DA:462,0
DA:463,0
DA:464,0
DA:468,0
DA:470,0
DA:475,3
DA:476,1
DA:477,0
DA:478,0
DA:479,0
DA:480,0
DA:481,0
DA:482,0
DA:483,0
DA:484,0
DA:485,0
DA:489,0
DA:494,0
DA:496,0
DA:497,0
DA:499,0
DA:504,3
DA:505,0
DA:506,0
DA:510,3
DA:511,0
DA:513,0
DA:516,0
DA:517,0
DA:519,0
DA:520,0
DA:522,0
DA:523,0
DA:524,0
DA:527,0
DA:529,0
DA:530,0
DA:531,0
DA:534,0
DA:535,0
DA:536,0
DA:539,0
DA:540,0
DA:541,0
DA:547,0
DA:549,0
DA:551,0
DA:552,0
DA:555,0
DA:556,0
DA:560,3
DA:563,3
LF:260
LH:60
BRDA:27,0,0,3
BRDA:27,0,1,0
BRDA:30,1,0,0
BRDA:30,1,1,3
BRDA:61,2,0,23
BRDA:61,2,1,18
BRDA:70,3,0,41
BRDA:70,3,1,0
BRDA:71,4,0,23
BRDA:71,4,1,18
BRDA:82,5,0,0
BRDA:82,5,1,0
BRDA:100,6,0,7
BRDA:100,6,1,0
BRDA:110,7,0,0
BRDA:110,7,1,0
BRDA:116,8,0,0
BRDA:116,8,1,0
BRDA:123,9,0,0
BRDA:123,9,1,0
BRDA:130,10,0,0
BRDA:130,10,1,0
BRDA:141,11,0,0
BRDA:141,11,1,0
BRDA:147,12,0,0
BRDA:147,12,1,0
BRDA:149,13,0,0
BRDA:149,13,1,0
BRDA:176,14,0,0
BRDA:176,14,1,0
BRDA:179,15,0,0
BRDA:179,15,1,0
BRDA:182,16,0,0
BRDA:182,16,1,0
BRDA:183,17,0,0
BRDA:183,17,1,0
BRDA:192,18,0,0
BRDA:192,18,1,0
BRDA:196,19,0,0
BRDA:196,19,1,0
BRDA:207,20,0,0
BRDA:207,20,1,0
BRDA:218,21,0,0
BRDA:218,21,1,0
BRDA:227,22,0,0
BRDA:227,22,1,0
BRDA:236,23,0,0
BRDA:236,23,1,0
BRDA:237,24,0,0
BRDA:237,24,1,0
BRDA:237,25,0,0
BRDA:237,25,1,0
BRDA:237,25,2,0
BRDA:251,26,0,0
BRDA:251,26,1,0
BRDA:252,27,0,0
BRDA:252,27,1,0
BRDA:259,28,0,0
BRDA:259,28,1,0
BRDA:266,29,0,0
BRDA:266,29,1,0
BRDA:274,30,0,0
BRDA:274,30,1,0
BRDA:274,31,0,0
BRDA:274,31,1,0
BRDA:274,31,2,0
BRDA:287,32,0,3
BRDA:287,32,1,0
BRDA:294,33,0,0
BRDA:294,33,1,0
BRDA:301,34,0,0
BRDA:301,34,1,0
BRDA:314,35,0,0
BRDA:314,35,1,0
BRDA:339,36,0,0
BRDA:339,36,1,0
BRDA:349,37,0,0
BRDA:349,37,1,0
BRDA:358,38,0,0
BRDA:358,38,1,0
BRDA:367,39,0,0
BRDA:367,39,1,0
BRDA:390,40,0,0
BRDA:390,40,1,0
BRDA:400,41,0,0
BRDA:400,41,1,0
BRDA:409,42,0,0
BRDA:409,42,1,0
BRDA:409,43,0,0
BRDA:409,43,1,0
BRDA:412,44,0,0
BRDA:412,44,1,0
BRDA:434,45,0,0
BRDA:434,45,1,0
BRDA:443,46,0,0
BRDA:443,46,1,0
BRDA:449,47,0,0
BRDA:449,47,1,0
BRDA:465,48,0,0
BRDA:465,48,1,0
BRDA:476,49,0,1
BRDA:476,49,1,0
BRDA:479,50,0,0
BRDA:479,50,1,0
BRDA:482,51,0,0
BRDA:482,51,1,0
BRDA:482,52,0,0
BRDA:482,52,1,0
BRDA:484,53,0,0
BRDA:484,53,1,0
BRDA:496,54,0,0
BRDA:496,54,1,0
BRDA:496,55,0,0
BRDA:496,55,1,0
BRDA:496,55,2,0
BRDA:505,56,0,0
BRDA:505,56,1,0
BRDA:511,57,0,0
BRDA:511,57,1,0
BRDA:522,58,0,0
BRDA:522,58,1,0
BRDA:529,59,0,0
BRDA:529,59,1,0
BRDA:534,60,0,0
BRDA:534,60,1,0
BRDA:540,61,0,0
BRDA:540,61,1,0
BRF:127
BRH:10
end_of_record
TN:
SF:src\security.js
FN:32,calculatePasswordStrength
FN:100,validatePassword
FN:113,validateUsername
FN:150,(anonymous_3)
FN:157,(anonymous_4)
FN:198,sanitizeInput
FN:222,generateCSRFToken
FN:227,validateCSRFToken
FN:233,hashPassword
FN:239,comparePassword
FN:246,isAccountLocked
FN:258,recordFailedAttempt
FN:265,clearFailedAttempts
FN:270,securityHeaders
FNF:14
FNH:4
FNDA:0,calculatePasswordStrength
FNDA:0,validatePassword
FNDA:0,validateUsername
FNDA:12,(anonymous_3)
FNDA:0,(anonymous_4)
FNDA:0,sanitizeInput
FNDA:23,generateCSRFToken
FNDA:10,validateCSRFToken
FNDA:0,hashPassword
FNDA:0,comparePassword
FNDA:0,isAccountLocked
FNDA:0,recordFailedAttempt
FNDA:0,clearFailedAttempts
FNDA:41,securityHeaders
DA:2,3
DA:3,3
DA:6,3
DA:24,3
DA:33,0
DA:34,0
DA:37,0
DA:38,0
DA:40,0
DA:44,0
DA:45,0
DA:47,0
DA:50,0
DA:51,0
DA:53,0
DA:56,0
DA:57,0
DA:59,0
DA:62,0
DA:63,0
DA:65,0
DA:69,0
DA:70,0
DA:71,0
DA:72,0
DA:73,0
DA:79,0
DA:80,0
DA:81,0
DA:82,0
DA:83,0
DA:84,0
DA:85,0
DA:86,0
DA:88,0
DA:91,0
DA:101,0
DA:104,0
DA:105,0
DA:106,0
DA:109,0
DA:114,0
DA:116,0
DA:117,0
DA:118,0
DA:121,0
DA:123,0
DA:124,0
DA:127,0
DA:128,0
DA:131,0
DA:132,0
DA:135,0
DA:136,0
DA:137,0
DA:138,0
DA:142,0
DA:150,3
DA:151,12
DA:158,0
DA:167,3
DA:199,0
DA:201,0
DA:208,3
DA:223,23
DA:228,10
DA:229,10
DA:234,0
DA:235,0
DA:240,0
DA:244,3
DA:247,0
DA:248,0
DA:250,0
DA:251,0
DA:252,0
DA:255,0
DA:259,0
DA:260,0
DA:261,0
DA:262,0
DA:266,0
DA:272,41
DA:275,41
DA:278,41
DA:281,41
DA:282,0
DA:286,41
DA:295,41
DA:298,3
LF:90
LH:19
BRDA:37,0,0,0
BRDA:37,0,1,0
BRDA:44,1,0,0
BRDA:44,1,1,0
BRDA:50,2,0,0
BRDA:50,2,1,0
BRDA:56,3,0,0
BRDA:56,3,1,0
BRDA:62,4,0,0
BRDA:62,4,1,0
BRDA:70,5,0,0
BRDA:70,5,1,0
BRDA:79,6,0,0
BRDA:79,6,1,0
BRDA:81,7,0,0
BRDA:81,7,1,0
BRDA:83,8,0,0
BRDA:83,8,1,0
BRDA:85,9,0,0
BRDA:85,9,1,0
BRDA:95,10,0,0
BRDA:95,10,1,0
BRDA:104,11,0,0
BRDA:104,11,1,0
BRDA:116,12,0,0
BRDA:116,12,1,0
BRDA:116,13,0,0
BRDA:116,13,1,0
BRDA:123,14,0,0
BRDA:123,14,1,0
BRDA:127,15,0,0
BRDA:127,15,1,0
BRDA:131,16,0,0
BRDA:131,16,1,0
BRDA:136,17,0,0
BRDA:136,17,1,0
BRDA:199,18,0,0
BRDA:199,18,1,0
BRDA:209,19,0,3
BRDA:209,19,1,0
BRDA:229,20,0,10
BRDA:229,20,1,10
BRDA:248,21,0,0
BRDA:248,21,1,0
BRDA:250,22,0,0
BRDA:250,22,1,0
BRDA:259,23,0,0
BRDA:259,23,1,0
BRDA:281,24,0,0
BRDA:281,24,1,41
BRDA:281,25,0,41
BRDA:281,25,1,41
BRF:52
BRH:6
end_of_record
